{
  "RSpec": {
    "coverage": {
      "/Users/alex1/Makers/Tech_Tests/tic-tac-toe/spec/game_spec.rb": [
        1,
        null,
        1,
        null,
        4,
        null,
        1,
        1,
        null,
        null,
        1,
        1,
        1,
        1,
        null,
        null,
        null,
        1,
        1,
        1,
        1,
        1,
        1,
        1,
        1,
        null,
        null,
        null,
        null,
        null
      ],
      "/Users/alex1/Makers/Tech_Tests/tic-tac-toe/lib/game.rb": [
        1,
        null,
        1,
        null,
        1,
        3,
        null,
        null,
        null,
        null,
        1,
        6,
        6,
        null,
        null,
        null,
        1,
        7,
        17,
        2,
        15,
        0,
        null,
        null,
        null,
        null,
        null,
        null
      ]
    },
    "timestamp": 1512141110
  }
}
